Initialize engine version: 5.6.1f1 (2860b30f0b54)
GfxDevice: creating device client; threaded=1
Direct3D:
    Version:  Direct3D 11.0 [level 11.1]
    Renderer: NVIDIA GeForce GTX 970 (ID=0x13c2)
    Vendor:   NVIDIA
    VRAM:     4043 MB
    Driver:   25.21.14.1634
Begin MonoManager ReloadAssembly
Platform assembly: C:\Users\Jon\Desktop\Windows_Roversim\Roversim_x86_64_Data\Managed\UnityEngine.dll (this message is harmless)
Loading C:\Users\Jon\Desktop\Windows_Roversim\Roversim_x86_64_Data\Managed\UnityEngine.dll into Unity Child Domain
Platform assembly: C:\Users\Jon\Desktop\Windows_Roversim\Roversim_x86_64_Data\Managed\Assembly-CSharp-firstpass.dll (this message is harmless)
Loading C:\Users\Jon\Desktop\Windows_Roversim\Roversim_x86_64_Data\Managed\Assembly-CSharp-firstpass.dll into Unity Child Domain
Platform assembly: C:\Users\Jon\Desktop\Windows_Roversim\Roversim_x86_64_Data\Managed\Assembly-CSharp.dll (this message is harmless)
Loading C:\Users\Jon\Desktop\Windows_Roversim\Roversim_x86_64_Data\Managed\Assembly-CSharp.dll into Unity Child Domain
Platform assembly: C:\Users\Jon\Desktop\Windows_Roversim\Roversim_x86_64_Data\Managed\Assembly-UnityScript.dll (this message is harmless)
Loading C:\Users\Jon\Desktop\Windows_Roversim\Roversim_x86_64_Data\Managed\Assembly-UnityScript.dll into Unity Child Domain
Platform assembly: C:\Users\Jon\Desktop\Windows_Roversim\Roversim_x86_64_Data\Managed\UnityEngine.UI.dll (this message is harmless)
Loading C:\Users\Jon\Desktop\Windows_Roversim\Roversim_x86_64_Data\Managed\UnityEngine.UI.dll into Unity Child Domain
Platform assembly: C:\Users\Jon\Desktop\Windows_Roversim\Roversim_x86_64_Data\Managed\UnityEngine.Networking.dll (this message is harmless)
Loading C:\Users\Jon\Desktop\Windows_Roversim\Roversim_x86_64_Data\Managed\UnityEngine.Networking.dll into Unity Child Domain
- Completed reload, in  0.024 seconds
Platform assembly: C:\Users\Jon\Desktop\Windows_Roversim\Roversim_x86_64_Data\Managed\System.Core.dll (this message is harmless)
Platform assembly: C:\Users\Jon\Desktop\Windows_Roversim\Roversim_x86_64_Data\Managed\System.dll (this message is harmless)
Platform assembly: C:\Users\Jon\Desktop\Windows_Roversim\Roversim_x86_64_Data\Managed\Mono.Security.dll (this message is harmless)
desktop: 3440x1440 60Hz; virtual: 5360x1440 at -1920,0
<RI> Initializing input.
<RI> Input initialized.
<RI> Initialized touch support.
[Physics.PhysX] ConvexHullBuilder: convex hull has more than 255 polygons!
 
(Filename: C:/buildslave/physx/build/Source/PhysXCooking/src/convex/ConvexHullBuilder.cpp Line: 1479)

[Physics.PhysX] Gu::ConvexMesh::loadConvexHull: convex hull init failed! Try to use the PxConvexFlag::eINFLATE_CONVEX flag. (see PxToolkit::createConvexMeshSafe)
 
(Filename: C:/buildslave/physx/build/Source/PhysXCooking/src/convex/ConvexMeshBuilder.cpp Line: 253)

Failed to create Convex Mesh from source mesh "rock_2". Source mesh is likely have too many smooth surface regions. Please reduce the surface smoothness of the source mesh. Alternatively turn on Inflate Mesh and increase the Skin Width sufficiently for this mesh.
 
(Filename:  Line: 54)

UnloadTime: 1.114177 ms
Deleting any previous IMG folder and CSV file..
 
(Filename: C:/buildslave/unity/build/artifacts/generated/common/runtime/DebugBindings.gen.cpp Line: 51)

Starting to record
 
(Filename: C:/buildslave/unity/build/artifacts/generated/common/runtime/DebugBindings.gen.cpp Line: 51)

Stopping record
 
(Filename: C:/buildslave/unity/build/artifacts/generated/common/runtime/DebugBindings.gen.cpp Line: 51)

Writing to disk
 
(Filename: C:/buildslave/unity/build/artifacts/generated/common/runtime/DebugBindings.gen.cpp Line: 51)

Clearing tracks on RearLeft
 
(Filename: C:/buildslave/unity/build/artifacts/generated/common/runtime/DebugBindings.gen.cpp Line: 51)

Clearing tracks on RearRight
 
(Filename: C:/buildslave/unity/build/artifacts/generated/common/runtime/DebugBindings.gen.cpp Line: 51)

bad pickup count: 0
 
(Filename: C:/buildslave/unity/build/artifacts/generated/common/runtime/DebugBindings.gen.cpp Line: 51)

Starting to record
 
(Filename: C:/buildslave/unity/build/artifacts/generated/common/runtime/DebugBindings.gen.cpp Line: 51)

Stopping record
 
(Filename: C:/buildslave/unity/build/artifacts/generated/common/runtime/DebugBindings.gen.cpp Line: 51)

Writing to disk
 
(Filename: C:/buildslave/unity/build/artifacts/generated/common/runtime/DebugBindings.gen.cpp Line: 51)

Clearing tracks on RearLeft
 
(Filename: C:/buildslave/unity/build/artifacts/generated/common/runtime/DebugBindings.gen.cpp Line: 51)

Clearing tracks on RearRight
 
(Filename: C:/buildslave/unity/build/artifacts/generated/common/runtime/DebugBindings.gen.cpp Line: 51)

bad pickup count: 0
 
(Filename: C:/buildslave/unity/build/artifacts/generated/common/runtime/DebugBindings.gen.cpp Line: 51)

Unloading 5 Unused Serialized files (Serialized files now loaded: 0)
UnloadTime: 2.800369 ms

Unloading 237 unused Assets to reduce memory usage. Loaded Objects now: 1962.
Total: 1.411920 ms (FindLiveObjects: 0.178084 ms CreateObjectMapping: 0.041076 ms MarkObjects: 0.819240 ms  DeleteObjects: 0.372753 ms)

switching camera
 
(Filename: C:/buildslave/unity/build/artifacts/generated/common/runtime/DebugBindings.gen.cpp Line: 51)

Unloading 3 Unused Serialized files (Serialized files now loaded: 0)
UnloadTime: 1.150406 ms

Unloading 9 unused Assets to reduce memory usage. Loaded Objects now: 1965.
Total: 1.032789 ms (FindLiveObjects: 0.088532 ms CreateObjectMapping: 0.032147 ms MarkObjects: 0.645493 ms  DeleteObjects: 0.266106 ms)

Deleting any previous IMG folder and CSV file..
 
(Filename: C:/buildslave/unity/build/artifacts/generated/common/runtime/DebugBindings.gen.cpp Line: 51)

Starting to record
 
(Filename: C:/buildslave/unity/build/artifacts/generated/common/runtime/DebugBindings.gen.cpp Line: 51)

NullReferenceException
  at (wrapper managed-to-native) UnityEngine.Behaviour:get_isActiveAndEnabled ()
  at UnityEngine.EventSystems.UIBehaviour.IsActive () [0x00000] in <filename unknown>:0 
  at UnityEngine.UI.Graphic.SetVerticesDirty () [0x00000] in <filename unknown>:0 
  at UnityEngine.UI.Text.set_text (System.String value) [0x00000] in <filename unknown>:0 
  at TrainingUI.OnBeginRecord () [0x00000] in <filename unknown>:0 
  at IRobotController.OpenFolder (System.String location) [0x00000] in <filename unknown>:0 
  at SimpleFileBrowser.OnOperationSuccessful (System.String path) [0x00000] in <filename unknown>:0 
  at SimpleFileBrowser.OnSubmitButtonClicked () [0x00000] in <filename unknown>:0 
  at UnityEngine.Events.InvokableCall.Invoke (System.Object[] args) [0x00000] in <filename unknown>:0 
  at UnityEngine.Events.InvokableCallList.Invoke (System.Object[] parameters) [0x00000] in <filename unknown>:0 
  at UnityEngine.Events.UnityEventBase.Invoke (System.Object[] parameters) [0x00000] in <filename unknown>:0 
  at UnityEngine.Events.UnityEvent.Invoke () [0x00000] in <filename unknown>:0 
  at UnityEngine.UI.Button.Press () [0x00000] in <filename unknown>:0 
  at UnityEngine.UI.Button.OnPointerClick (UnityEngine.EventSystems.PointerEventData eventData) [0x00000] in <filename unknown>:0 
  at UnityEngine.EventSystems.ExecuteEvents.Execute (IPointerClickHandler handler, UnityEngine.EventSystems.BaseEventData eventData) [0x00000] in <filename unknown>:0 
  at UnityEngine.EventSystems.ExecuteEvents.Execute[IPointerClickHandler] (UnityEngine.GameObject target, UnityEngine.EventSystems.BaseEventData eventData, UnityEngine.EventSystems.EventFunction`1 functor) [0x00000] in <filename unknown>:0 
UnityEngine.DebugLogHandler:Internal_LogException(Exception, Object)
UnityEngine.DebugLogHandler:LogException(Exception, Object)
UnityEngine.Logger:LogException(Exception, Object)
UnityEngine.Debug:LogException(Exception)
UnityEngine.EventSystems.ExecuteEvents:Execute(GameObject, BaseEventData, EventFunction`1)
UnityEngine.EventSystems.StandaloneInputModule:ProcessMousePress(MouseButtonEventData)
UnityEngine.EventSystems.StandaloneInputModule:ProcessMouseEvent(Int32)
UnityEngine.EventSystems.StandaloneInputModule:ProcessMouseEvent()
UnityEngine.EventSystems.StandaloneInputModule:Process()
UnityEngine.EventSystems.EventSystem:Update()
 
(Filename:  Line: -1)

switching camera
 
(Filename: C:/buildslave/unity/build/artifacts/generated/common/runtime/DebugBindings.gen.cpp Line: 51)

Attempting to Send...
 
(Filename: C:/buildslave/unity/build/artifacts/generated/common/runtime/DebugBindings.gen.cpp Line: 51)

Attempting to Send...
 
(Filename: C:/buildslave/unity/build/artifacts/generated/common/runtime/DebugBindings.gen.cpp Line: 51)

Attempting to Send...
 
(Filename: C:/buildslave/unity/build/artifacts/generated/common/runtime/DebugBindings.gen.cpp Line: 51)

Attempting to Send...
 
(Filename: C:/buildslave/unity/build/artifacts/generated/common/runtime/DebugBindings.gen.cpp Line: 51)

Attempting to Send...
 
(Filename: C:/buildslave/unity/build/artifacts/generated/common/runtime/DebugBindings.gen.cpp Line: 51)

Attempting to Send...
 
(Filename: C:/buildslave/unity/build/artifacts/generated/common/runtime/DebugBindings.gen.cpp Line: 51)

Attempting to Send...
 
(Filename: C:/buildslave/unity/build/artifacts/generated/common/runtime/DebugBindings.gen.cpp Line: 51)

Attempting to Send...
 
(Filename: C:/buildslave/unity/build/artifacts/generated/common/runtime/DebugBindings.gen.cpp Line: 51)

Attempting to Send...
 
(Filename: C:/buildslave/unity/build/artifacts/generated/common/runtime/DebugBindings.gen.cpp Line: 51)

Attempting to Send...
 
(Filename: C:/buildslave/unity/build/artifacts/generated/common/runtime/DebugBindings.gen.cpp Line: 51)

Attempting to Send...
 
(Filename: C:/buildslave/unity/build/artifacts/generated/common/runtime/DebugBindings.gen.cpp Line: 51)

Attempting to Send...
 
(Filename: C:/buildslave/unity/build/artifacts/generated/common/runtime/DebugBindings.gen.cpp Line: 51)

Attempting to Send...
 
(Filename: C:/buildslave/unity/build/artifacts/generated/common/runtime/DebugBindings.gen.cpp Line: 51)

Attempting to Send...
 
(Filename: C:/buildslave/unity/build/artifacts/generated/common/runtime/DebugBindings.gen.cpp Line: 51)

Attempting to Send...
 
(Filename: C:/buildslave/unity/build/artifacts/generated/common/runtime/DebugBindings.gen.cpp Line: 51)

Attempting to Send...
 
(Filename: C:/buildslave/unity/build/artifacts/generated/common/runtime/DebugBindings.gen.cpp Line: 51)

Attempting to Send...
 
(Filename: C:/buildslave/unity/build/artifacts/generated/common/runtime/DebugBindings.gen.cpp Line: 51)

Attempting to Send...
 
(Filename: C:/buildslave/unity/build/artifacts/generated/common/runtime/DebugBindings.gen.cpp Line: 51)

Attempting to Send...
 
(Filename: C:/buildslave/unity/build/artifacts/generated/common/runtime/DebugBindings.gen.cpp Line: 51)

Attempting to Send...
 
(Filename: C:/buildslave/unity/build/artifacts/generated/common/runtime/DebugBindings.gen.cpp Line: 51)

Attempting to Send...
 
(Filename: C:/buildslave/unity/build/artifacts/generated/common/runtime/DebugBindings.gen.cpp Line: 51)

Attempting to Send...
 
(Filename: C:/buildslave/unity/build/artifacts/generated/common/runtime/DebugBindings.gen.cpp Line: 51)

Attempting to Send...
 
(Filename: C:/buildslave/unity/build/artifacts/generated/common/runtime/DebugBindings.gen.cpp Line: 51)

Attempting to Send...
 
(Filename: C:/buildslave/unity/build/artifacts/generated/common/runtime/DebugBindings.gen.cpp Line: 51)

Attempting to Send...
 
(Filename: C:/buildslave/unity/build/artifacts/generated/common/runtime/DebugBindings.gen.cpp Line: 51)

Attempting to Send...
 
(Filename: C:/buildslave/unity/build/artifacts/generated/common/runtime/DebugBindings.gen.cpp Line: 51)

Attempting to Send...
 
(Filename: C:/buildslave/unity/build/artifacts/generated/common/runtime/DebugBindings.gen.cpp Line: 51)

Attempting to Send...
 
(Filename: C:/buildslave/unity/build/artifacts/generated/common/runtime/DebugBindings.gen.cpp Line: 51)

Attempting to Send...
 
(Filename: C:/buildslave/unity/build/artifacts/generated/common/runtime/DebugBindings.gen.cpp Line: 51)

Attempting to Send...
 
(Filename: C:/buildslave/unity/build/artifacts/generated/common/runtime/DebugBindings.gen.cpp Line: 51)

Attempting to Send...
 
(Filename: C:/buildslave/unity/build/artifacts/generated/common/runtime/DebugBindings.gen.cpp Line: 51)

Attempting to Send...
 
(Filename: C:/buildslave/unity/build/artifacts/generated/common/runtime/DebugBindings.gen.cpp Line: 51)

Attempting to Send...
 
(Filename: C:/buildslave/unity/build/artifacts/generated/common/runtime/DebugBindings.gen.cpp Line: 51)

Attempting to Send...
 
(Filename: C:/buildslave/unity/build/artifacts/generated/common/runtime/DebugBindings.gen.cpp Line: 51)

Attempting to Send...
 
(Filename: C:/buildslave/unity/build/artifacts/generated/common/runtime/DebugBindings.gen.cpp Line: 51)

Attempting to Send...
 
(Filename: C:/buildslave/unity/build/artifacts/generated/common/runtime/DebugBindings.gen.cpp Line: 51)

Attempting to Send...
 
(Filename: C:/buildslave/unity/build/artifacts/generated/common/runtime/DebugBindings.gen.cpp Line: 51)

Attempting to Send...
 
(Filename: C:/buildslave/unity/build/artifacts/generated/common/runtime/DebugBindings.gen.cpp Line: 51)

Attempting to Send...
 
(Filename: C:/buildslave/unity/build/artifacts/generated/common/runtime/DebugBindings.gen.cpp Line: 51)

Attempting to Send...
 
(Filename: C:/buildslave/unity/build/artifacts/generated/common/runtime/DebugBindings.gen.cpp Line: 51)

Attempting to Send...
 
(Filename: C:/buildslave/unity/build/artifacts/generated/common/runtime/DebugBindings.gen.cpp Line: 51)

Attempting to Send...
 
(Filename: C:/buildslave/unity/build/artifacts/generated/common/runtime/DebugBindings.gen.cpp Line: 51)

Attempting to Send...
 
(Filename: C:/buildslave/unity/build/artifacts/generated/common/runtime/DebugBindings.gen.cpp Line: 51)

Attempting to Send...
 
(Filename: C:/buildslave/unity/build/artifacts/generated/common/runtime/DebugBindings.gen.cpp Line: 51)

Attempting to Send...
 
(Filename: C:/buildslave/unity/build/artifacts/generated/common/runtime/DebugBindings.gen.cpp Line: 51)

Attempting to Send...
 
(Filename: C:/buildslave/unity/build/artifacts/generated/common/runtime/DebugBindings.gen.cpp Line: 51)

Attempting to Send...
 
(Filename: C:/buildslave/unity/build/artifacts/generated/common/runtime/DebugBindings.gen.cpp Line: 51)

Attempting to Send...
 
(Filename: C:/buildslave/unity/build/artifacts/generated/common/runtime/DebugBindings.gen.cpp Line: 51)

Attempting to Send...
 
(Filename: C:/buildslave/unity/build/artifacts/generated/common/runtime/DebugBindings.gen.cpp Line: 51)

Attempting to Send...
 
(Filename: C:/buildslave/unity/build/artifacts/generated/common/runtime/DebugBindings.gen.cpp Line: 51)

Attempting to Send...
 
(Filename: C:/buildslave/unity/build/artifacts/generated/common/runtime/DebugBindings.gen.cpp Line: 51)

Attempting to Send...
 
(Filename: C:/buildslave/unity/build/artifacts/generated/common/runtime/DebugBindings.gen.cpp Line: 51)

Attempting to Send...
 
(Filename: C:/buildslave/unity/build/artifacts/generated/common/runtime/DebugBindings.gen.cpp Line: 51)

Attempting to Send...
 
(Filename: C:/buildslave/unity/build/artifacts/generated/common/runtime/DebugBindings.gen.cpp Line: 51)

Attempting to Send...
 
(Filename: C:/buildslave/unity/build/artifacts/generated/common/runtime/DebugBindings.gen.cpp Line: 51)

Attempting to Send...
 
(Filename: C:/buildslave/unity/build/artifacts/generated/common/runtime/DebugBindings.gen.cpp Line: 51)

Attempting to Send...
 
(Filename: C:/buildslave/unity/build/artifacts/generated/common/runtime/DebugBindings.gen.cpp Line: 51)

Attempting to Send...
 
(Filename: C:/buildslave/unity/build/artifacts/generated/common/runtime/DebugBindings.gen.cpp Line: 51)

Attempting to Send...
 
(Filename: C:/buildslave/unity/build/artifacts/generated/common/runtime/DebugBindings.gen.cpp Line: 51)

Attempting to Send...
 
(Filename: C:/buildslave/unity/build/artifacts/generated/common/runtime/DebugBindings.gen.cpp Line: 51)

Attempting to Send...
 
(Filename: C:/buildslave/unity/build/artifacts/generated/common/runtime/DebugBindings.gen.cpp Line: 51)

Attempting to Send...
 
(Filename: C:/buildslave/unity/build/artifacts/generated/common/runtime/DebugBindings.gen.cpp Line: 51)

Attempting to Send...
 
(Filename: C:/buildslave/unity/build/artifacts/generated/common/runtime/DebugBindings.gen.cpp Line: 51)

Attempting to Send...
 
(Filename: C:/buildslave/unity/build/artifacts/generated/common/runtime/DebugBindings.gen.cpp Line: 51)

Attempting to Send...
 
(Filename: C:/buildslave/unity/build/artifacts/generated/common/runtime/DebugBindings.gen.cpp Line: 51)

Attempting to Send...
 
(Filename: C:/buildslave/unity/build/artifacts/generated/common/runtime/DebugBindings.gen.cpp Line: 51)

Attempting to Send...
 
(Filename: C:/buildslave/unity/build/artifacts/generated/common/runtime/DebugBindings.gen.cpp Line: 51)

Attempting to Send...
 
(Filename: C:/buildslave/unity/build/artifacts/generated/common/runtime/DebugBindings.gen.cpp Line: 51)

Attempting to Send...
 
(Filename: C:/buildslave/unity/build/artifacts/generated/common/runtime/DebugBindings.gen.cpp Line: 51)

Attempting to Send...
 
(Filename: C:/buildslave/unity/build/artifacts/generated/common/runtime/DebugBindings.gen.cpp Line: 51)

Attempting to Send...
 
(Filename: C:/buildslave/unity/build/artifacts/generated/common/runtime/DebugBindings.gen.cpp Line: 51)

Attempting to Send...
 
(Filename: C:/buildslave/unity/build/artifacts/generated/common/runtime/DebugBindings.gen.cpp Line: 51)

Attempting to Send...
 
(Filename: C:/buildslave/unity/build/artifacts/generated/common/runtime/DebugBindings.gen.cpp Line: 51)

Attempting to Send...
 
(Filename: C:/buildslave/unity/build/artifacts/generated/common/runtime/DebugBindings.gen.cpp Line: 51)

Attempting to Send...
 
(Filename: C:/buildslave/unity/build/artifacts/generated/common/runtime/DebugBindings.gen.cpp Line: 51)

Attempting to Send...
 
(Filename: C:/buildslave/unity/build/artifacts/generated/common/runtime/DebugBindings.gen.cpp Line: 51)

Attempting to Send...
 
(Filename: C:/buildslave/unity/build/artifacts/generated/common/runtime/DebugBindings.gen.cpp Line: 51)

Attempting to Send...
 
(Filename: C:/buildslave/unity/build/artifacts/generated/common/runtime/DebugBindings.gen.cpp Line: 51)

Attempting to Send...
 
(Filename: C:/buildslave/unity/build/artifacts/generated/common/runtime/DebugBindings.gen.cpp Line: 51)

Attempting to Send...
 
(Filename: C:/buildslave/unity/build/artifacts/generated/common/runtime/DebugBindings.gen.cpp Line: 51)

Attempting to Send...
 
(Filename: C:/buildslave/unity/build/artifacts/generated/common/runtime/DebugBindings.gen.cpp Line: 51)

Attempting to Send...
 
(Filename: C:/buildslave/unity/build/artifacts/generated/common/runtime/DebugBindings.gen.cpp Line: 51)

Attempting to Send...
 
(Filename: C:/buildslave/unity/build/artifacts/generated/common/runtime/DebugBindings.gen.cpp Line: 51)

Attempting to Send...
 
(Filename: C:/buildslave/unity/build/artifacts/generated/common/runtime/DebugBindings.gen.cpp Line: 51)

Attempting to Send...
 
(Filename: C:/buildslave/unity/build/artifacts/generated/common/runtime/DebugBindings.gen.cpp Line: 51)

Attempting to Send...
 
(Filename: C:/buildslave/unity/build/artifacts/generated/common/runtime/DebugBindings.gen.cpp Line: 51)

Attempting to Send...
 
(Filename: C:/buildslave/unity/build/artifacts/generated/common/runtime/DebugBindings.gen.cpp Line: 51)

Attempting to Send...
 
(Filename: C:/buildslave/unity/build/artifacts/generated/common/runtime/DebugBindings.gen.cpp Line: 51)

Attempting to Send...
 
(Filename: C:/buildslave/unity/build/artifacts/generated/common/runtime/DebugBindings.gen.cpp Line: 51)

Attempting to Send...
 
(Filename: C:/buildslave/unity/build/artifacts/generated/common/runtime/DebugBindings.gen.cpp Line: 51)

Attempting to Send...
 
(Filename: C:/buildslave/unity/build/artifacts/generated/common/runtime/DebugBindings.gen.cpp Line: 51)

Attempting to Send...
 
(Filename: C:/buildslave/unity/build/artifacts/generated/common/runtime/DebugBindings.gen.cpp Line: 51)

Unloading 3 Unused Serialized files (Serialized files now loaded: 0)
UnloadTime: 1.437689 ms

Unloading 9 unused Assets to reduce memory usage. Loaded Objects now: 1967.
Total: 1.271851 ms (FindLiveObjects: 0.103074 ms CreateObjectMapping: 0.032657 ms MarkObjects: 0.852408 ms  DeleteObjects: 0.283200 ms)

Attempting to Send...
 
(Filename: C:/buildslave/unity/build/artifacts/generated/common/runtime/DebugBindings.gen.cpp Line: 51)

NullReferenceException
  at (wrapper managed-to-native) UnityEngine.Component:get_transform ()
  at IRobotController.get_Position () [0x00000] in <filename unknown>:0 
  at CommandServer.<EmitTelemetry>m__0 () [0x00000] in <filename unknown>:0 
  at UnityMainThreadDispatcher+<ActionWrapper>c__Iterator0.MoveNext () [0x00000] in <filename unknown>:0 
  at UnityEngine.SetupCoroutine.InvokeMoveNext (IEnumerator enumerator, IntPtr returnValueAddress) [0x00000] in <filename unknown>:0 
UnityEngine.MonoBehaviour:StartCoroutine_Auto_Internal(IEnumerator)
UnityEngine.MonoBehaviour:StartCoroutine(IEnumerator)
<Enqueue>c__AnonStorey1:<>m__0()
UnityMainThreadDispatcher:Update()
 
(Filename:  Line: -1)

switching camera
 
(Filename: C:/buildslave/unity/build/artifacts/generated/common/runtime/DebugBindings.gen.cpp Line: 51)

Unloading 3 Unused Serialized files (Serialized files now loaded: 0)
UnloadTime: 1.163418 ms

Unloading 11 unused Assets to reduce memory usage. Loaded Objects now: 1965.
Total: 1.306549 ms (FindLiveObjects: 0.196454 ms CreateObjectMapping: 0.032657 ms MarkObjects: 0.773571 ms  DeleteObjects: 0.303101 ms)

10/30/2018 5:41:58 PM|Fatal|WebSocket.acceptException|System.IO.IOException: EndRead failure ---> System.Net.Sockets.SocketException: An existing connection was forcibly closed by the remote host.
                            
                              at System.Net.Sockets.Socket+SocketAsyncResult.CheckIfThrowDelayedException () [0x00000] in <filename unknown>:0 
                              at System.Net.Sockets.Socket.EndReceive (IAsyncResult asyncResult, System.Net.Sockets.SocketError& errorCode) [0x00000] in <filename unknown>:0 
                              at System.Net.Sockets.Socket.EndReceive (IAsyncResult result) [0x00000] in <filename unknown>:0 
                              at System.Net.Sockets.NetworkStream.EndRead (IAsyncResult ar) [0x00000] in <filename unknown>:0 
                              --- End of inner exception stack trace ---
                              at System.Net.Sockets.NetworkStream.EndRead (IAsyncResult ar) [0x00000] in <filename unknown>:0 
                              at WebSocketSharp.Ext+<ReadBytesAsync>c__AnonStorey2.<>m__0 (IAsyncResult ar) [0x00000] in <filename unknown>:0 
Setting up 4 worker threads for Enlighten.
  Thread -> id: cf4 -> priority: 1 
  Thread -> id: 3804 -> priority: 1 
  Thread -> id: 2d2c -> priority: 1 
  Thread -> id: 59c -> priority: 1 
